<?xml version="1.0" encoding="UTF-8"?>
<!-- Generated by org.testng.reporters.JUnitXMLReporter -->
<testsuite ignored="0" hostname="DESKTOP-SR3L3PC" failures="0" tests="3" name="Default test" time="32.585" errors="0" timestamp="2023-09-18T14:21:46 IST">
  <testcase classname="amazontest.BuyProduct" name="openApp" time="2.516"/>
  <testcase classname="amazontest.BuyProduct" name="handleCaptcha" time="0.333"/>
  <testcase classname="amazontest.BuyProduct" name="buyProduct" time="29.661"/>
</testsuite> <!-- Default test -->
